Found existing installation: setuptools 56.0.0
Uninstalling setuptools-56.0.0:
  Successfully uninstalled setuptools-56.0.0
Collecting wheel
  Using cached wheel-0.36.2-py2.py3-none-any.whl (35 kB)
Collecting setuptools>=42
  Using cached setuptools-57.4.0-py3-none-any.whl (819 kB)
Installing collected packages: wheel, setuptools
Successfully installed setuptools-57.4.0 wheel-0.36.2
WARNING: You are using pip version 21.1.3; however, version 21.2.3 is available.
You should consider upgrading via the '/tmp/build-env-24d7knc9/bin/python -m pip install --upgrade pip' command.
running egg_info
creating src/build_attr_bug.egg-info
writing src/build_attr_bug.egg-info/PKG-INFO
writing dependency_links to src/build_attr_bug.egg-info/dependency_links.txt
writing top-level names to src/build_attr_bug.egg-info/top_level.txt
writing manifest file 'src/build_attr_bug.egg-info/SOURCES.txt'
reading manifest file 'src/build_attr_bug.egg-info/SOURCES.txt'
writing manifest file 'src/build_attr_bug.egg-info/SOURCES.txt'
running sdist
running egg_info
writing src/build_attr_bug.egg-info/PKG-INFO
writing dependency_links to src/build_attr_bug.egg-info/dependency_links.txt
writing top-level names to src/build_attr_bug.egg-info/top_level.txt
reading manifest file 'src/build_attr_bug.egg-info/SOURCES.txt'
writing manifest file 'src/build_attr_bug.egg-info/SOURCES.txt'
running check
warning: check: missing required meta-data: url

creating build_attr_bug-0.1
creating build_attr_bug-0.1/src
creating build_attr_bug-0.1/src/bug
creating build_attr_bug-0.1/src/build_attr_bug.egg-info
copying files to build_attr_bug-0.1...
copying README.md -> build_attr_bug-0.1
copying pyproject.toml -> build_attr_bug-0.1
copying setup.cfg -> build_attr_bug-0.1
copying src/bug/__init__.py -> build_attr_bug-0.1/src/bug
copying src/build_attr_bug.egg-info/PKG-INFO -> build_attr_bug-0.1/src/build_attr_bug.egg-info
copying src/build_attr_bug.egg-info/SOURCES.txt -> build_attr_bug-0.1/src/build_attr_bug.egg-info
copying src/build_attr_bug.egg-info/dependency_links.txt -> build_attr_bug-0.1/src/build_attr_bug.egg-info
copying src/build_attr_bug.egg-info/top_level.txt -> build_attr_bug-0.1/src/build_attr_bug.egg-info
Writing build_attr_bug-0.1/setup.cfg
Creating tar archive
removing 'build_attr_bug-0.1' (and everything under it)
Found existing installation: setuptools 56.0.0
Uninstalling setuptools-56.0.0:
  Successfully uninstalled setuptools-56.0.0
Collecting wheel
  Using cached wheel-0.36.2-py2.py3-none-any.whl (35 kB)
Collecting setuptools>=42
  Using cached setuptools-57.4.0-py3-none-any.whl (819 kB)
Installing collected packages: wheel, setuptools
Successfully installed setuptools-57.4.0 wheel-0.36.2
WARNING: You are using pip version 21.1.3; however, version 21.2.3 is available.
You should consider upgrading via the '/tmp/build-env-0rnjjhi1/bin/python -m pip install --upgrade pip' command.
running egg_info
writing src/build_attr_bug.egg-info/PKG-INFO
writing dependency_links to src/build_attr_bug.egg-info/dependency_links.txt
writing top-level names to src/build_attr_bug.egg-info/top_level.txt
reading manifest file 'src/build_attr_bug.egg-info/SOURCES.txt'
writing manifest file 'src/build_attr_bug.egg-info/SOURCES.txt'
Requirement already satisfied: wheel in /tmp/build-env-0rnjjhi1/lib/python3.9/site-packages (from -r /tmp/build-reqs-zt_lmbg8.txt (line 1)) (0.36.2)
WARNING: You are using pip version 21.1.3; however, version 21.2.3 is available.
You should consider upgrading via the '/tmp/build-env-0rnjjhi1/bin/python -m pip install --upgrade pip' command.
running bdist_wheel
running build
running build_py
creating build
creating build/lib
creating build/lib/bug
copying src/bug/__init__.py -> build/lib/bug
installing to build/bdist.linux-x86_64/wheel
running install
running install_lib
creating build/bdist.linux-x86_64
creating build/bdist.linux-x86_64/wheel
creating build/bdist.linux-x86_64/wheel/bug
copying build/lib/bug/__init__.py -> build/bdist.linux-x86_64/wheel/bug
running install_egg_info
running egg_info
writing src/build_attr_bug.egg-info/PKG-INFO
writing dependency_links to src/build_attr_bug.egg-info/dependency_links.txt
writing top-level names to src/build_attr_bug.egg-info/top_level.txt
reading manifest file 'src/build_attr_bug.egg-info/SOURCES.txt'
writing manifest file 'src/build_attr_bug.egg-info/SOURCES.txt'
Copying src/build_attr_bug.egg-info to build/bdist.linux-x86_64/wheel/build_attr_bug-0.1-py3.9.egg-info
running install_scripts
creating build/bdist.linux-x86_64/wheel/build_attr_bug-0.1.dist-info/WHEEL
creating '/home/gian/python/build_attr_bug/dist/tmp95qyn7ns/build_attr_bug-0.1-py3-none-any.whl' and adding 'build/bdist.linux-x86_64/wheel' to it
adding 'bug/__init__.py'
adding 'build_attr_bug-0.1.dist-info/METADATA'
adding 'build_attr_bug-0.1.dist-info/WHEEL'
adding 'build_attr_bug-0.1.dist-info/top_level.txt'
adding 'build_attr_bug-0.1.dist-info/RECORD'
removing build/bdist.linux-x86_64/wheel
